{"C:\\Users\\katsup\\Desktop\\Programs\\Courses\\Mosh\\Node.js\\node_2023\\gamer\\app.js": {"path":"C:\\Users\\katsup\\Desktop\\Programs\\Courses\\Mosh\\Node.js\\node_2023\\gamer\\app.js","statementMap":{"0":{"start":{"line":1,"column":16},"end":{"line":1,"column":34}},"1":{"start":{"line":2,"column":32},"end":{"line":2,"column":65}},"2":{"start":{"line":3,"column":16},"end":{"line":3,"column":39}},"3":{"start":{"line":4,"column":18},"end":{"line":4,"column":45}},"4":{"start":{"line":5,"column":27},"end":{"line":5,"column":54}},"5":{"start":{"line":6,"column":12},"end":{"line":6,"column":21}},"6":{"start":{"line":9,"column":0},"end":{"line":9,"column":21}},"7":{"start":{"line":11,"column":0},"end":{"line":11,"column":25}},"8":{"start":{"line":13,"column":0},"end":{"line":13,"column":9}},"9":{"start":{"line":15,"column":0},"end":{"line":15,"column":15}},"10":{"start":{"line":17,"column":13},"end":{"line":17,"column":37}},"11":{"start":{"line":18,"column":15},"end":{"line":18,"column":79}},"12":{"start":{"line":18,"column":38},"end":{"line":18,"column":78}},"13":{"start":{"line":20,"column":0},"end":{"line":20,"column":24}}},"fnMap":{"0":{"name":"(anonymous_0)","decl":{"start":{"line":18,"column":32},"end":{"line":18,"column":33}},"loc":{"start":{"line":18,"column":38},"end":{"line":18,"column":78}},"line":18}},"branchMap":{"0":{"loc":{"start":{"line":17,"column":13},"end":{"line":17,"column":37}},"type":"binary-expr","locations":[{"start":{"line":17,"column":13},"end":{"line":17,"column":29}},{"start":{"line":17,"column":33},"end":{"line":17,"column":37}}],"line":17}},"s":{"0":2,"1":2,"2":2,"3":2,"4":2,"5":2,"6":2,"7":2,"8":2,"9":2,"10":2,"11":2,"12":2,"13":2},"f":{"0":2},"b":{"0":[2,2]},"_coverageSchema":"1a1c01bbd47fc00a2c39e90264f33305004495a9","hash":"44c69d613bc509b1f362431014bd6a5b2d550d3e"}
,"C:\\Users\\katsup\\Desktop\\Programs\\Courses\\Mosh\\Node.js\\node_2023\\gamer\\middleware\\admin.js": {"path":"C:\\Users\\katsup\\Desktop\\Programs\\Courses\\Mosh\\Node.js\\node_2023\\gamer\\middleware\\admin.js","statementMap":{"0":{"start":{"line":1,"column":0},"end":{"line":5,"column":1}},"1":{"start":{"line":2,"column":2},"end":{"line":2,"column":89}},"2":{"start":{"line":2,"column":24},"end":{"line":2,"column":89}},"3":{"start":{"line":4,"column":2},"end":{"line":4,"column":9}}},"fnMap":{"0":{"name":"(anonymous_0)","decl":{"start":{"line":1,"column":17},"end":{"line":1,"column":18}},"loc":{"start":{"line":1,"column":42},"end":{"line":5,"column":1}},"line":1}},"branchMap":{"0":{"loc":{"start":{"line":2,"column":2},"end":{"line":2,"column":89}},"type":"if","locations":[{"start":{"line":2,"column":2},"end":{"line":2,"column":89}},{"start":{},"end":{}}],"line":2}},"s":{"0":2,"1":0,"2":0,"3":0},"f":{"0":0},"b":{"0":[0,0]},"_coverageSchema":"1a1c01bbd47fc00a2c39e90264f33305004495a9","hash":"0d5102f6a60b969517e9b22b5cfc3ab5261e3be5"}
,"C:\\Users\\katsup\\Desktop\\Programs\\Courses\\Mosh\\Node.js\\node_2023\\gamer\\middleware\\asyncTryCatchMiddleware.js": {"path":"C:\\Users\\katsup\\Desktop\\Programs\\Courses\\Mosh\\Node.js\\node_2023\\gamer\\middleware\\asyncTryCatchMiddleware.js","statementMap":{"0":{"start":{"line":2,"column":0},"end":{"line":11,"column":1}},"1":{"start":{"line":3,"column":2},"end":{"line":9,"column":3}},"2":{"start":{"line":4,"column":4},"end":{"line":8,"column":7}},"3":{"start":{"line":5,"column":6},"end":{"line":5,"column":30}},"4":{"start":{"line":7,"column":7},"end":{"line":7,"column":17}}},"fnMap":{"0":{"name":"asyncTryCatchMiddleware","decl":{"start":{"line":2,"column":26},"end":{"line":2,"column":49}},"loc":{"start":{"line":2,"column":58},"end":{"line":11,"column":1}},"line":2},"1":{"name":"(anonymous_1)","decl":{"start":{"line":3,"column":9},"end":{"line":3,"column":10}},"loc":{"start":{"line":3,"column":34},"end":{"line":9,"column":3}},"line":3}},"branchMap":{},"s":{"0":2,"1":10,"2":14,"3":14,"4":0},"f":{"0":10,"1":14},"b":{},"_coverageSchema":"1a1c01bbd47fc00a2c39e90264f33305004495a9","hash":"67b13ba2574e7ce4b5c7f2d300fbaccfcf838b7e"}
,"C:\\Users\\katsup\\Desktop\\Programs\\Courses\\Mosh\\Node.js\\node_2023\\gamer\\middleware\\auth.js": {"path":"C:\\Users\\katsup\\Desktop\\Programs\\Courses\\Mosh\\Node.js\\node_2023\\gamer\\middleware\\auth.js","statementMap":{"0":{"start":{"line":1,"column":12},"end":{"line":1,"column":35}},"1":{"start":{"line":2,"column":15},"end":{"line":2,"column":32}},"2":{"start":{"line":4,"column":0},"end":{"line":15,"column":1}},"3":{"start":{"line":5,"column":15},"end":{"line":5,"column":41}},"4":{"start":{"line":6,"column":1},"end":{"line":6,"column":98}},"5":{"start":{"line":6,"column":33},"end":{"line":6,"column":98}},"6":{"start":{"line":8,"column":1},"end":{"line":14,"column":2}},"7":{"start":{"line":9,"column":18},"end":{"line":9,"column":64}},"8":{"start":{"line":10,"column":4},"end":{"line":10,"column":23}},"9":{"start":{"line":11,"column":4},"end":{"line":11,"column":11}},"10":{"start":{"line":13,"column":2},"end":{"line":13,"column":50}}},"fnMap":{"0":{"name":"(anonymous_0)","decl":{"start":{"line":4,"column":17},"end":{"line":4,"column":18}},"loc":{"start":{"line":4,"column":42},"end":{"line":15,"column":1}},"line":4}},"branchMap":{"0":{"loc":{"start":{"line":6,"column":1},"end":{"line":6,"column":98}},"type":"if","locations":[{"start":{"line":6,"column":1},"end":{"line":6,"column":98}},{"start":{},"end":{}}],"line":6},"1":{"loc":{"start":{"line":6,"column":5},"end":{"line":6,"column":31}},"type":"binary-expr","locations":[{"start":{"line":6,"column":5},"end":{"line":6,"column":11}},{"start":{"line":6,"column":15},"end":{"line":6,"column":31}}],"line":6}},"s":{"0":3,"1":3,"2":3,"3":16,"4":16,"5":3,"6":13,"7":13,"8":12,"9":12,"10":1},"f":{"0":16},"b":{"0":[3,13],"1":[16,14]},"_coverageSchema":"1a1c01bbd47fc00a2c39e90264f33305004495a9","hash":"ca868128d5fb13861f08ff9d1e20d27f660212bb"}
,"C:\\Users\\katsup\\Desktop\\Programs\\Courses\\Mosh\\Node.js\\node_2023\\gamer\\middleware\\error.js": {"path":"C:\\Users\\katsup\\Desktop\\Programs\\Courses\\Mosh\\Node.js\\node_2023\\gamer\\middleware\\error.js","statementMap":{"0":{"start":{"line":1,"column":16},"end":{"line":1,"column":34}},"1":{"start":{"line":3,"column":0},"end":{"line":6,"column":1}},"2":{"start":{"line":4,"column":2},"end":{"line":4,"column":34}},"3":{"start":{"line":5,"column":2},"end":{"line":5,"column":69}}},"fnMap":{"0":{"name":"(anonymous_0)","decl":{"start":{"line":3,"column":17},"end":{"line":3,"column":18}},"loc":{"start":{"line":3,"column":46},"end":{"line":6,"column":1}},"line":3}},"branchMap":{},"s":{"0":2,"1":2,"2":0,"3":0},"f":{"0":0},"b":{},"_coverageSchema":"1a1c01bbd47fc00a2c39e90264f33305004495a9","hash":"7a7d58a815620d7ea9a67ef17571e43927bdcf78"}
,"C:\\Users\\katsup\\Desktop\\Programs\\Courses\\Mosh\\Node.js\\node_2023\\gamer\\middleware\\validateObjectId.js": {"path":"C:\\Users\\katsup\\Desktop\\Programs\\Courses\\Mosh\\Node.js\\node_2023\\gamer\\middleware\\validateObjectId.js","statementMap":{"0":{"start":{"line":1,"column":17},"end":{"line":1,"column":36}},"1":{"start":{"line":3,"column":0},"end":{"line":7,"column":2}},"2":{"start":{"line":4,"column":2},"end":{"line":4,"column":96}},"3":{"start":{"line":4,"column":54},"end":{"line":4,"column":96}},"4":{"start":{"line":6,"column":2},"end":{"line":6,"column":9}}},"fnMap":{"0":{"name":"(anonymous_0)","decl":{"start":{"line":3,"column":17},"end":{"line":3,"column":18}},"loc":{"start":{"line":3,"column":41},"end":{"line":7,"column":1}},"line":3}},"branchMap":{"0":{"loc":{"start":{"line":4,"column":2},"end":{"line":4,"column":96}},"type":"if","locations":[{"start":{"line":4,"column":2},"end":{"line":4,"column":96}},{"start":{},"end":{}}],"line":4}},"s":{"0":2,"1":2,"2":4,"3":2,"4":2},"f":{"0":4},"b":{"0":[2,2]},"_coverageSchema":"1a1c01bbd47fc00a2c39e90264f33305004495a9","hash":"c37bdf69eff116dbe87eb4fee1974ed675a87f13"}
,"C:\\Users\\katsup\\Desktop\\Programs\\Courses\\Mosh\\Node.js\\node_2023\\gamer\\models\\customer-model.js": {"path":"C:\\Users\\katsup\\Desktop\\Programs\\Courses\\Mosh\\Node.js\\node_2023\\gamer\\models\\customer-model.js","statementMap":{"0":{"start":{"line":1,"column":17},"end":{"line":1,"column":36}},"1":{"start":{"line":2,"column":12},"end":{"line":2,"column":26}},"2":{"start":{"line":4,"column":23},"end":{"line":18,"column":2}},"3":{"start":{"line":20,"column":17},"end":{"line":20,"column":59}},"4":{"start":{"line":23,"column":19},"end":{"line":23,"column":45}},"5":{"start":{"line":24,"column":2},"end":{"line":24,"column":31}},"6":{"start":{"line":28,"column":2},"end":{"line":28,"column":31}},"7":{"start":{"line":32,"column":2},"end":{"line":32,"column":37}},"8":{"start":{"line":36,"column":2},"end":{"line":36,"column":29}},"9":{"start":{"line":36,"column":14},"end":{"line":36,"column":29}},"10":{"start":{"line":37,"column":2},"end":{"line":47,"column":3}},"11":{"start":{"line":51,"column":2},"end":{"line":51,"column":46}},"12":{"start":{"line":56,"column":17},"end":{"line":60,"column":3}},"13":{"start":{"line":62,"column":2},"end":{"line":62,"column":40}},"14":{"start":{"line":67,"column":0},"end":{"line":67,"column":129}}},"fnMap":{"0":{"name":"createCustomer","decl":{"start":{"line":22,"column":15},"end":{"line":22,"column":29}},"loc":{"start":{"line":22,"column":43},"end":{"line":25,"column":1}},"line":22},"1":{"name":"getCustomers","decl":{"start":{"line":27,"column":15},"end":{"line":27,"column":27}},"loc":{"start":{"line":27,"column":29},"end":{"line":29,"column":1}},"line":27},"2":{"name":"getCustomer","decl":{"start":{"line":31,"column":15},"end":{"line":31,"column":26}},"loc":{"start":{"line":31,"column":30},"end":{"line":33,"column":1}},"line":31},"3":{"name":"updateCustomer","decl":{"start":{"line":35,"column":15},"end":{"line":35,"column":29}},"loc":{"start":{"line":35,"column":56},"end":{"line":48,"column":1}},"line":35},"4":{"name":"deleteCustomer","decl":{"start":{"line":50,"column":15},"end":{"line":50,"column":29}},"loc":{"start":{"line":50,"column":33},"end":{"line":52,"column":1}},"line":50},"5":{"name":"validateCustomer","decl":{"start":{"line":55,"column":9},"end":{"line":55,"column":25}},"loc":{"start":{"line":55,"column":35},"end":{"line":63,"column":1}},"line":55}},"branchMap":{"0":{"loc":{"start":{"line":36,"column":2},"end":{"line":36,"column":29}},"type":"if","locations":[{"start":{"line":36,"column":2},"end":{"line":36,"column":29}},{"start":{},"end":{}}],"line":36}},"s":{"0":2,"1":2,"2":2,"3":2,"4":0,"5":0,"6":0,"7":0,"8":0,"9":0,"10":0,"11":0,"12":0,"13":0,"14":2},"f":{"0":0,"1":0,"2":0,"3":0,"4":0,"5":0},"b":{"0":[0,0]},"_coverageSchema":"1a1c01bbd47fc00a2c39e90264f33305004495a9","hash":"b3f549f873a293ce458eb0c76f11116180bc4c32"}
,"C:\\Users\\katsup\\Desktop\\Programs\\Courses\\Mosh\\Node.js\\node_2023\\gamer\\models\\game-model.js": {"path":"C:\\Users\\katsup\\Desktop\\Programs\\Courses\\Mosh\\Node.js\\node_2023\\gamer\\models\\game-model.js","statementMap":{"0":{"start":{"line":1,"column":17},"end":{"line":1,"column":36}},"1":{"start":{"line":2,"column":12},"end":{"line":2,"column":26}},"2":{"start":{"line":4,"column":19},"end":{"line":17,"column":2}},"3":{"start":{"line":19,"column":13},"end":{"line":19,"column":47}},"4":{"start":{"line":22,"column":14},"end":{"line":22,"column":31}},"5":{"start":{"line":23,"column":1},"end":{"line":23,"column":26}},"6":{"start":{"line":27,"column":1},"end":{"line":27,"column":41}},"7":{"start":{"line":31,"column":1},"end":{"line":31,"column":32}},"8":{"start":{"line":36,"column":16},"end":{"line":48,"column":2}},"9":{"start":{"line":49,"column":1},"end":{"line":49,"column":15}},"10":{"start":{"line":60,"column":1},"end":{"line":60,"column":41}},"11":{"start":{"line":65,"column":16},"end":{"line":71,"column":2}},"12":{"start":{"line":73,"column":1},"end":{"line":73,"column":35}},"13":{"start":{"line":76,"column":0},"end":{"line":85,"column":2}}},"fnMap":{"0":{"name":"createGame","decl":{"start":{"line":21,"column":15},"end":{"line":21,"column":25}},"loc":{"start":{"line":21,"column":35},"end":{"line":24,"column":1}},"line":21},"1":{"name":"getGames","decl":{"start":{"line":26,"column":15},"end":{"line":26,"column":23}},"loc":{"start":{"line":26,"column":26},"end":{"line":28,"column":1}},"line":26},"2":{"name":"getGame","decl":{"start":{"line":30,"column":15},"end":{"line":30,"column":22}},"loc":{"start":{"line":30,"column":27},"end":{"line":32,"column":1}},"line":30},"3":{"name":"updateGame","decl":{"start":{"line":34,"column":15},"end":{"line":34,"column":25}},"loc":{"start":{"line":34,"column":82},"end":{"line":56,"column":1}},"line":34},"4":{"name":"deleteGame","decl":{"start":{"line":58,"column":15},"end":{"line":58,"column":25}},"loc":{"start":{"line":58,"column":30},"end":{"line":61,"column":1}},"line":58},"5":{"name":"validateGame","decl":{"start":{"line":64,"column":9},"end":{"line":64,"column":21}},"loc":{"start":{"line":64,"column":28},"end":{"line":74,"column":1}},"line":64}},"branchMap":{"0":{"loc":{"start":{"line":34,"column":49},"end":{"line":34,"column":58}},"type":"default-arg","locations":[{"start":{"line":34,"column":56},"end":{"line":34,"column":58}}],"line":34}},"s":{"0":2,"1":2,"2":2,"3":2,"4":3,"5":3,"6":4,"7":2,"8":0,"9":0,"10":0,"11":11,"12":11,"13":2},"f":{"0":3,"1":4,"2":2,"3":0,"4":0,"5":11},"b":{"0":[0]},"_coverageSchema":"1a1c01bbd47fc00a2c39e90264f33305004495a9","hash":"494c0a256947a695c5689ff67cb8a87a3e8da9e6"}
,"C:\\Users\\katsup\\Desktop\\Programs\\Courses\\Mosh\\Node.js\\node_2023\\gamer\\models\\order-model.js": {"path":"C:\\Users\\katsup\\Desktop\\Programs\\Courses\\Mosh\\Node.js\\node_2023\\gamer\\models\\order-model.js","statementMap":{"0":{"start":{"line":1,"column":17},"end":{"line":1,"column":36}},"1":{"start":{"line":2,"column":12},"end":{"line":2,"column":26}},"2":{"start":{"line":3,"column":40},"end":{"line":3,"column":67}},"3":{"start":{"line":4,"column":32},"end":{"line":4,"column":55}},"4":{"start":{"line":6,"column":20},"end":{"line":26,"column":2}},"5":{"start":{"line":28,"column":14},"end":{"line":28,"column":50}},"6":{"start":{"line":31,"column":18},"end":{"line":31,"column":47}},"7":{"start":{"line":33,"column":18},"end":{"line":33,"column":19}},"8":{"start":{"line":34,"column":13},"end":{"line":34,"column":15}},"9":{"start":{"line":35,"column":1},"end":{"line":39,"column":2}},"10":{"start":{"line":36,"column":15},"end":{"line":36,"column":36}},"11":{"start":{"line":37,"column":2},"end":{"line":37,"column":27}},"12":{"start":{"line":38,"column":2},"end":{"line":38,"column":19}},"13":{"start":{"line":41,"column":15},"end":{"line":45,"column":3}},"14":{"start":{"line":47,"column":1},"end":{"line":47,"column":27}},"15":{"start":{"line":51,"column":1},"end":{"line":59,"column":19}},"16":{"start":{"line":63,"column":16},"end":{"line":66,"column":2}},"17":{"start":{"line":68,"column":1},"end":{"line":68,"column":36}},"18":{"start":{"line":71,"column":0},"end":{"line":71,"column":59}}},"fnMap":{"0":{"name":"createOrder","decl":{"start":{"line":30,"column":15},"end":{"line":30,"column":26}},"loc":{"start":{"line":30,"column":48},"end":{"line":48,"column":1}},"line":30},"1":{"name":"getOrders","decl":{"start":{"line":50,"column":15},"end":{"line":50,"column":24}},"loc":{"start":{"line":50,"column":27},"end":{"line":60,"column":1}},"line":50},"2":{"name":"validateOrder","decl":{"start":{"line":62,"column":9},"end":{"line":62,"column":22}},"loc":{"start":{"line":62,"column":30},"end":{"line":69,"column":1}},"line":62}},"branchMap":{},"s":{"0":2,"1":2,"2":2,"3":2,"4":2,"5":2,"6":0,"7":0,"8":0,"9":0,"10":0,"11":0,"12":0,"13":0,"14":0,"15":0,"16":0,"17":0,"18":2},"f":{"0":0,"1":0,"2":0},"b":{},"_coverageSchema":"1a1c01bbd47fc00a2c39e90264f33305004495a9","hash":"fa7eddfaa0ce372f2f2b585004e8686d9773b8e1"}
,"C:\\Users\\katsup\\Desktop\\Programs\\Courses\\Mosh\\Node.js\\node_2023\\gamer\\models\\user-model.js": {"path":"C:\\Users\\katsup\\Desktop\\Programs\\Courses\\Mosh\\Node.js\\node_2023\\gamer\\models\\user-model.js","statementMap":{"0":{"start":{"line":1,"column":17},"end":{"line":1,"column":36}},"1":{"start":{"line":2,"column":12},"end":{"line":2,"column":26}},"2":{"start":{"line":3,"column":15},"end":{"line":3,"column":32}},"3":{"start":{"line":4,"column":12},"end":{"line":4,"column":35}},"4":{"start":{"line":5,"column":15},"end":{"line":5,"column":32}},"5":{"start":{"line":6,"column":19},"end":{"line":29,"column":2}},"6":{"start":{"line":33,"column":0},"end":{"line":35,"column":1}},"7":{"start":{"line":34,"column":2},"end":{"line":34,"column":90}},"8":{"start":{"line":37,"column":13},"end":{"line":37,"column":47}},"9":{"start":{"line":41,"column":2},"end":{"line":41,"column":27}},"10":{"start":{"line":45,"column":16},"end":{"line":45,"column":32}},"11":{"start":{"line":46,"column":2},"end":{"line":46,"column":49}},"12":{"start":{"line":46,"column":25},"end":{"line":46,"column":47}},"13":{"start":{"line":50,"column":15},"end":{"line":50,"column":48}},"14":{"start":{"line":51,"column":2},"end":{"line":51,"column":27}},"15":{"start":{"line":55,"column":2},"end":{"line":55,"column":37}},"16":{"start":{"line":59,"column":2},"end":{"line":59,"column":53}},"17":{"start":{"line":64,"column":16},"end":{"line":69,"column":2}},"18":{"start":{"line":71,"column":1},"end":{"line":71,"column":35}},"19":{"start":{"line":75,"column":13},"end":{"line":75,"column":37}},"20":{"start":{"line":76,"column":23},"end":{"line":76,"column":56}},"21":{"start":{"line":78,"column":0},"end":{"line":78,"column":30}},"22":{"start":{"line":81,"column":0},"end":{"line":81,"column":122}}},"fnMap":{"0":{"name":"(anonymous_0)","decl":{"start":{"line":33,"column":39},"end":{"line":33,"column":40}},"loc":{"start":{"line":33,"column":49},"end":{"line":35,"column":1}},"line":33},"1":{"name":"getUsers","decl":{"start":{"line":40,"column":15},"end":{"line":40,"column":23}},"loc":{"start":{"line":40,"column":25},"end":{"line":42,"column":1}},"line":40},"2":{"name":"isAlreadyInDb","decl":{"start":{"line":44,"column":15},"end":{"line":44,"column":28}},"loc":{"start":{"line":44,"column":34},"end":{"line":47,"column":1}},"line":44},"3":{"name":"(anonymous_3)","decl":{"start":{"line":46,"column":20},"end":{"line":46,"column":21}},"loc":{"start":{"line":46,"column":25},"end":{"line":46,"column":47}},"line":46},"4":{"name":"createUser","decl":{"start":{"line":49,"column":15},"end":{"line":49,"column":25}},"loc":{"start":{"line":49,"column":50},"end":{"line":52,"column":1}},"line":49},"5":{"name":"findUserByEmail","decl":{"start":{"line":54,"column":15},"end":{"line":54,"column":30}},"loc":{"start":{"line":54,"column":37},"end":{"line":56,"column":1}},"line":54},"6":{"name":"findUserById","decl":{"start":{"line":58,"column":15},"end":{"line":58,"column":27}},"loc":{"start":{"line":58,"column":31},"end":{"line":60,"column":1}},"line":58},"7":{"name":"validateUser","decl":{"start":{"line":63,"column":9},"end":{"line":63,"column":21}},"loc":{"start":{"line":63,"column":28},"end":{"line":72,"column":1}},"line":63},"8":{"name":"hashPassword","decl":{"start":{"line":74,"column":15},"end":{"line":74,"column":27}},"loc":{"start":{"line":74,"column":37},"end":{"line":79,"column":1}},"line":74}},"branchMap":{},"s":{"0":4,"1":4,"2":4,"3":4,"4":4,"5":4,"6":4,"7":16,"8":4,"9":0,"10":0,"11":0,"12":0,"13":0,"14":0,"15":0,"16":0,"17":0,"18":0,"19":0,"20":0,"21":0,"22":4},"f":{"0":16,"1":0,"2":0,"3":0,"4":0,"5":0,"6":0,"7":0,"8":0},"b":{},"_coverageSchema":"1a1c01bbd47fc00a2c39e90264f33305004495a9","hash":"d821acbc63932559bcde8fd4e1dae8784fe98aa5"}
,"C:\\Users\\katsup\\Desktop\\Programs\\Courses\\Mosh\\Node.js\\node_2023\\gamer\\routes\\auth.js": {"path":"C:\\Users\\katsup\\Desktop\\Programs\\Courses\\Mosh\\Node.js\\node_2023\\gamer\\routes\\auth.js","statementMap":{"0":{"start":{"line":1,"column":16},"end":{"line":1,"column":34}},"1":{"start":{"line":2,"column":15},"end":{"line":2,"column":31}},"2":{"start":{"line":3,"column":12},"end":{"line":3,"column":26}},"3":{"start":{"line":4,"column":15},"end":{"line":4,"column":32}},"4":{"start":{"line":5,"column":27},"end":{"line":5,"column":58}},"5":{"start":{"line":9,"column":0},"end":{"line":26,"column":3}},"6":{"start":{"line":10,"column":30},"end":{"line":10,"column":38}},"7":{"start":{"line":11,"column":20},"end":{"line":11,"column":49}},"8":{"start":{"line":12,"column":2},"end":{"line":12,"column":66}},"9":{"start":{"line":12,"column":12},"end":{"line":12,"column":66}},"10":{"start":{"line":14,"column":2},"end":{"line":25,"column":3}},"11":{"start":{"line":15,"column":15},"end":{"line":15,"column":52}},"12":{"start":{"line":16,"column":4},"end":{"line":16,"column":71}},"13":{"start":{"line":16,"column":14},"end":{"line":16,"column":71}},"14":{"start":{"line":18,"column":26},"end":{"line":18,"column":80}},"15":{"start":{"line":19,"column":4},"end":{"line":19,"column":80}},"16":{"start":{"line":19,"column":23},"end":{"line":19,"column":80}},"17":{"start":{"line":21,"column":18},"end":{"line":21,"column":42}},"18":{"start":{"line":22,"column":4},"end":{"line":22,"column":20}},"19":{"start":{"line":24,"column":4},"end":{"line":24,"column":71}},"20":{"start":{"line":29,"column":16},"end":{"line":32,"column":2}},"21":{"start":{"line":34,"column":1},"end":{"line":34,"column":34}},"22":{"start":{"line":37,"column":0},"end":{"line":37,"column":24}}},"fnMap":{"0":{"name":"(anonymous_0)","decl":{"start":{"line":9,"column":17},"end":{"line":9,"column":18}},"loc":{"start":{"line":9,"column":36},"end":{"line":26,"column":1}},"line":9},"1":{"name":"validate","decl":{"start":{"line":28,"column":9},"end":{"line":28,"column":17}},"loc":{"start":{"line":28,"column":23},"end":{"line":35,"column":1}},"line":28}},"branchMap":{"0":{"loc":{"start":{"line":12,"column":2},"end":{"line":12,"column":66}},"type":"if","locations":[{"start":{"line":12,"column":2},"end":{"line":12,"column":66}},{"start":{},"end":{}}],"line":12},"1":{"loc":{"start":{"line":16,"column":4},"end":{"line":16,"column":71}},"type":"if","locations":[{"start":{"line":16,"column":4},"end":{"line":16,"column":71}},{"start":{},"end":{}}],"line":16},"2":{"loc":{"start":{"line":19,"column":4},"end":{"line":19,"column":80}},"type":"if","locations":[{"start":{"line":19,"column":4},"end":{"line":19,"column":80}},{"start":{},"end":{}}],"line":19}},"s":{"0":2,"1":2,"2":2,"3":2,"4":2,"5":2,"6":0,"7":0,"8":0,"9":0,"10":0,"11":0,"12":0,"13":0,"14":0,"15":0,"16":0,"17":0,"18":0,"19":0,"20":0,"21":0,"22":2},"f":{"0":0,"1":0},"b":{"0":[0,0],"1":[0,0],"2":[0,0]},"_coverageSchema":"1a1c01bbd47fc00a2c39e90264f33305004495a9","hash":"4b3b886f39a58e9424ffded4a4061af0bce95ad6"}
,"C:\\Users\\katsup\\Desktop\\Programs\\Courses\\Mosh\\Node.js\\node_2023\\gamer\\routes\\customers.js": {"path":"C:\\Users\\katsup\\Desktop\\Programs\\Courses\\Mosh\\Node.js\\node_2023\\gamer\\routes\\customers.js","statementMap":{"0":{"start":{"line":1,"column":16},"end":{"line":1,"column":34}},"1":{"start":{"line":2,"column":15},"end":{"line":2,"column":31}},"2":{"start":{"line":3,"column":13},"end":{"line":3,"column":42}},"3":{"start":{"line":4,"column":19},"end":{"line":4,"column":60}},"4":{"start":{"line":5,"column":104},"end":{"line":5,"column":139}},"5":{"start":{"line":8,"column":0},"end":{"line":14,"column":3}},"6":{"start":{"line":9,"column":2},"end":{"line":13,"column":3}},"7":{"start":{"line":10,"column":2},"end":{"line":10,"column":33}},"8":{"start":{"line":12,"column":4},"end":{"line":12,"column":70}},"9":{"start":{"line":16,"column":0},"end":{"line":27,"column":3}},"10":{"start":{"line":17,"column":16},"end":{"line":17,"column":26}},"11":{"start":{"line":19,"column":1},"end":{"line":26,"column":2}},"12":{"start":{"line":20,"column":19},"end":{"line":20,"column":40}},"13":{"start":{"line":21,"column":2},"end":{"line":21,"column":73}},"14":{"start":{"line":21,"column":16},"end":{"line":21,"column":73}},"15":{"start":{"line":23,"column":2},"end":{"line":23,"column":21}},"16":{"start":{"line":25,"column":2},"end":{"line":25,"column":68}},"17":{"start":{"line":29,"column":0},"end":{"line":44,"column":3}},"18":{"start":{"line":30,"column":28},"end":{"line":30,"column":31}},"19":{"start":{"line":31,"column":19},"end":{"line":31,"column":45}},"20":{"start":{"line":32,"column":2},"end":{"line":32,"column":66}},"21":{"start":{"line":32,"column":12},"end":{"line":32,"column":66}},"22":{"start":{"line":34,"column":2},"end":{"line":43,"column":3}},"23":{"start":{"line":35,"column":20},"end":{"line":35,"column":40}},"24":{"start":{"line":36,"column":25},"end":{"line":36,"column":70}},"25":{"start":{"line":36,"column":45},"end":{"line":36,"column":69}},"26":{"start":{"line":37,"column":2},"end":{"line":37,"column":113}},"27":{"start":{"line":37,"column":21},"end":{"line":37,"column":113}},"28":{"start":{"line":39,"column":22},"end":{"line":39,"column":52}},"29":{"start":{"line":40,"column":2},"end":{"line":40,"column":24}},"30":{"start":{"line":42,"column":4},"end":{"line":42,"column":69}},"31":{"start":{"line":46,"column":0},"end":{"line":64,"column":3}},"32":{"start":{"line":47,"column":36},"end":{"line":47,"column":39}},"33":{"start":{"line":48,"column":17},"end":{"line":48,"column":27}},"34":{"start":{"line":49,"column":1},"end":{"line":49,"column":63}},"35":{"start":{"line":49,"column":21},"end":{"line":49,"column":63}},"36":{"start":{"line":51,"column":19},"end":{"line":51,"column":52}},"37":{"start":{"line":52,"column":1},"end":{"line":52,"column":65}},"38":{"start":{"line":52,"column":11},"end":{"line":52,"column":65}},"39":{"start":{"line":54,"column":1},"end":{"line":62,"column":2}},"40":{"start":{"line":55,"column":23},"end":{"line":55,"column":44}},"41":{"start":{"line":56,"column":2},"end":{"line":56,"column":77}},"42":{"start":{"line":56,"column":20},"end":{"line":56,"column":77}},"43":{"start":{"line":58,"column":19},"end":{"line":58,"column":60}},"44":{"start":{"line":59,"column":2},"end":{"line":59,"column":21}},"45":{"start":{"line":61,"column":2},"end":{"line":61,"column":68}},"46":{"start":{"line":66,"column":0},"end":{"line":79,"column":3}},"47":{"start":{"line":67,"column":16},"end":{"line":67,"column":26}},"48":{"start":{"line":68,"column":1},"end":{"line":68,"column":63}},"49":{"start":{"line":68,"column":21},"end":{"line":68,"column":63}},"50":{"start":{"line":70,"column":1},"end":{"line":78,"column":2}},"51":{"start":{"line":71,"column":19},"end":{"line":71,"column":40}},"52":{"start":{"line":72,"column":2},"end":{"line":72,"column":73}},"53":{"start":{"line":72,"column":16},"end":{"line":72,"column":73}},"54":{"start":{"line":74,"column":17},"end":{"line":74,"column":41}},"55":{"start":{"line":75,"column":2},"end":{"line":75,"column":19}},"56":{"start":{"line":77,"column":2},"end":{"line":77,"column":68}},"57":{"start":{"line":82,"column":0},"end":{"line":82,"column":24}}},"fnMap":{"0":{"name":"(anonymous_0)","decl":{"start":{"line":8,"column":16},"end":{"line":8,"column":17}},"loc":{"start":{"line":8,"column":36},"end":{"line":14,"column":1}},"line":8},"1":{"name":"(anonymous_1)","decl":{"start":{"line":16,"column":31},"end":{"line":16,"column":32}},"loc":{"start":{"line":16,"column":51},"end":{"line":27,"column":1}},"line":16},"2":{"name":"(anonymous_2)","decl":{"start":{"line":29,"column":23},"end":{"line":29,"column":24}},"loc":{"start":{"line":29,"column":43},"end":{"line":44,"column":1}},"line":29},"3":{"name":"(anonymous_3)","decl":{"start":{"line":36,"column":40},"end":{"line":36,"column":41}},"loc":{"start":{"line":36,"column":45},"end":{"line":36,"column":69}},"line":36},"4":{"name":"(anonymous_4)","decl":{"start":{"line":46,"column":25},"end":{"line":46,"column":26}},"loc":{"start":{"line":46,"column":45},"end":{"line":64,"column":1}},"line":46},"5":{"name":"(anonymous_5)","decl":{"start":{"line":66,"column":28},"end":{"line":66,"column":29}},"loc":{"start":{"line":66,"column":48},"end":{"line":79,"column":1}},"line":66}},"branchMap":{"0":{"loc":{"start":{"line":21,"column":2},"end":{"line":21,"column":73}},"type":"if","locations":[{"start":{"line":21,"column":2},"end":{"line":21,"column":73}},{"start":{},"end":{}}],"line":21},"1":{"loc":{"start":{"line":32,"column":2},"end":{"line":32,"column":66}},"type":"if","locations":[{"start":{"line":32,"column":2},"end":{"line":32,"column":66}},{"start":{},"end":{}}],"line":32},"2":{"loc":{"start":{"line":37,"column":2},"end":{"line":37,"column":113}},"type":"if","locations":[{"start":{"line":37,"column":2},"end":{"line":37,"column":113}},{"start":{},"end":{}}],"line":37},"3":{"loc":{"start":{"line":49,"column":1},"end":{"line":49,"column":63}},"type":"if","locations":[{"start":{"line":49,"column":1},"end":{"line":49,"column":63}},{"start":{},"end":{}}],"line":49},"4":{"loc":{"start":{"line":52,"column":1},"end":{"line":52,"column":65}},"type":"if","locations":[{"start":{"line":52,"column":1},"end":{"line":52,"column":65}},{"start":{},"end":{}}],"line":52},"5":{"loc":{"start":{"line":56,"column":2},"end":{"line":56,"column":77}},"type":"if","locations":[{"start":{"line":56,"column":2},"end":{"line":56,"column":77}},{"start":{},"end":{}}],"line":56},"6":{"loc":{"start":{"line":68,"column":1},"end":{"line":68,"column":63}},"type":"if","locations":[{"start":{"line":68,"column":1},"end":{"line":68,"column":63}},{"start":{},"end":{}}],"line":68},"7":{"loc":{"start":{"line":72,"column":2},"end":{"line":72,"column":73}},"type":"if","locations":[{"start":{"line":72,"column":2},"end":{"line":72,"column":73}},{"start":{},"end":{}}],"line":72}},"s":{"0":2,"1":2,"2":2,"3":2,"4":2,"5":2,"6":0,"7":0,"8":0,"9":2,"10":0,"11":0,"12":0,"13":0,"14":0,"15":0,"16":0,"17":2,"18":0,"19":0,"20":0,"21":0,"22":0,"23":0,"24":0,"25":0,"26":0,"27":0,"28":0,"29":0,"30":0,"31":2,"32":0,"33":0,"34":0,"35":0,"36":0,"37":0,"38":0,"39":0,"40":0,"41":0,"42":0,"43":0,"44":0,"45":0,"46":2,"47":0,"48":0,"49":0,"50":0,"51":0,"52":0,"53":0,"54":0,"55":0,"56":0,"57":2},"f":{"0":0,"1":0,"2":0,"3":0,"4":0,"5":0},"b":{"0":[0,0],"1":[0,0],"2":[0,0],"3":[0,0],"4":[0,0],"5":[0,0],"6":[0,0],"7":[0,0]},"_coverageSchema":"1a1c01bbd47fc00a2c39e90264f33305004495a9","hash":"e17fc434b55e11517829ae9ae4a2571ac6b84f9b"}
,"C:\\Users\\katsup\\Desktop\\Programs\\Courses\\Mosh\\Node.js\\node_2023\\gamer\\routes\\games.js": {"path":"C:\\Users\\katsup\\Desktop\\Programs\\Courses\\Mosh\\Node.js\\node_2023\\gamer\\routes\\games.js","statementMap":{"0":{"start":{"line":1,"column":16},"end":{"line":1,"column":34}},"1":{"start":{"line":2,"column":15},"end":{"line":2,"column":31}},"2":{"start":{"line":3,"column":32},"end":{"line":3,"column":80}},"3":{"start":{"line":4,"column":13},"end":{"line":4,"column":42}},"4":{"start":{"line":5,"column":14},"end":{"line":5,"column":44}},"5":{"start":{"line":6,"column":19},"end":{"line":6,"column":60}},"6":{"start":{"line":7,"column":79},"end":{"line":7,"column":110}},"7":{"start":{"line":11,"column":0},"end":{"line":15,"column":2}},"8":{"start":{"line":12,"column":18},"end":{"line":12,"column":34}},"9":{"start":{"line":13,"column":4},"end":{"line":13,"column":20}},"10":{"start":{"line":17,"column":0},"end":{"line":23,"column":4}},"11":{"start":{"line":18,"column":17},"end":{"line":18,"column":27}},"12":{"start":{"line":19,"column":15},"end":{"line":19,"column":32}},"13":{"start":{"line":20,"column":2},"end":{"line":20,"column":68}},"14":{"start":{"line":20,"column":12},"end":{"line":20,"column":68}},"15":{"start":{"line":22,"column":2},"end":{"line":22,"column":17}},"16":{"start":{"line":26,"column":0},"end":{"line":39,"column":4}},"17":{"start":{"line":27,"column":25},"end":{"line":27,"column":28}},"18":{"start":{"line":28,"column":20},"end":{"line":28,"column":38}},"19":{"start":{"line":29,"column":2},"end":{"line":31,"column":3}},"20":{"start":{"line":30,"column":4},"end":{"line":30,"column":58}},"21":{"start":{"line":33,"column":16},"end":{"line":33,"column":32}},"22":{"start":{"line":34,"column":21},"end":{"line":34,"column":59}},"23":{"start":{"line":34,"column":38},"end":{"line":34,"column":58}},"24":{"start":{"line":35,"column":2},"end":{"line":35,"column":81}},"25":{"start":{"line":35,"column":17},"end":{"line":35,"column":81}},"26":{"start":{"line":37,"column":19},"end":{"line":37,"column":41}},"27":{"start":{"line":38,"column":2},"end":{"line":38,"column":21}},"28":{"start":{"line":41,"column":0},"end":{"line":54,"column":4}},"29":{"start":{"line":42,"column":17},"end":{"line":42,"column":27}},"30":{"start":{"line":43,"column":25},"end":{"line":43,"column":28}},"31":{"start":{"line":44,"column":20},"end":{"line":44,"column":38}},"32":{"start":{"line":45,"column":2},"end":{"line":45,"column":66}},"33":{"start":{"line":45,"column":12},"end":{"line":45,"column":66}},"34":{"start":{"line":47,"column":2},"end":{"line":47,"column":64}},"35":{"start":{"line":47,"column":22},"end":{"line":47,"column":64}},"36":{"start":{"line":49,"column":17},"end":{"line":49,"column":34}},"37":{"start":{"line":50,"column":2},"end":{"line":50,"column":81}},"38":{"start":{"line":50,"column":14},"end":{"line":50,"column":81}},"39":{"start":{"line":52,"column":22},"end":{"line":52,"column":48}},"40":{"start":{"line":53,"column":2},"end":{"line":53,"column":24}},"41":{"start":{"line":56,"column":2},"end":{"line":66,"column":4}},"42":{"start":{"line":57,"column":17},"end":{"line":57,"column":27}},"43":{"start":{"line":59,"column":2},"end":{"line":59,"column":64}},"44":{"start":{"line":59,"column":22},"end":{"line":59,"column":64}},"45":{"start":{"line":61,"column":15},"end":{"line":61,"column":32}},"46":{"start":{"line":62,"column":2},"end":{"line":62,"column":80}},"47":{"start":{"line":62,"column":12},"end":{"line":62,"column":80}},"48":{"start":{"line":64,"column":17},"end":{"line":64,"column":37}},"49":{"start":{"line":65,"column":2},"end":{"line":65,"column":19}},"50":{"start":{"line":70,"column":0},"end":{"line":70,"column":24}}},"fnMap":{"0":{"name":"(anonymous_0)","decl":{"start":{"line":11,"column":41},"end":{"line":11,"column":42}},"loc":{"start":{"line":11,"column":60},"end":{"line":14,"column":3}},"line":11},"1":{"name":"(anonymous_1)","decl":{"start":{"line":17,"column":55},"end":{"line":17,"column":56}},"loc":{"start":{"line":17,"column":74},"end":{"line":23,"column":1}},"line":17},"2":{"name":"(anonymous_2)","decl":{"start":{"line":26,"column":47},"end":{"line":26,"column":48}},"loc":{"start":{"line":26,"column":66},"end":{"line":39,"column":1}},"line":26},"3":{"name":"(anonymous_3)","decl":{"start":{"line":34,"column":33},"end":{"line":34,"column":34}},"loc":{"start":{"line":34,"column":38},"end":{"line":34,"column":58}},"line":34},"4":{"name":"(anonymous_4)","decl":{"start":{"line":41,"column":49},"end":{"line":41,"column":50}},"loc":{"start":{"line":41,"column":68},"end":{"line":54,"column":1}},"line":41},"5":{"name":"(anonymous_5)","decl":{"start":{"line":56,"column":63},"end":{"line":56,"column":64}},"loc":{"start":{"line":56,"column":83},"end":{"line":66,"column":1}},"line":56}},"branchMap":{"0":{"loc":{"start":{"line":20,"column":2},"end":{"line":20,"column":68}},"type":"if","locations":[{"start":{"line":20,"column":2},"end":{"line":20,"column":68}},{"start":{},"end":{}}],"line":20},"1":{"loc":{"start":{"line":29,"column":2},"end":{"line":31,"column":3}},"type":"if","locations":[{"start":{"line":29,"column":2},"end":{"line":31,"column":3}},{"start":{},"end":{}}],"line":29},"2":{"loc":{"start":{"line":35,"column":2},"end":{"line":35,"column":81}},"type":"if","locations":[{"start":{"line":35,"column":2},"end":{"line":35,"column":81}},{"start":{},"end":{}}],"line":35},"3":{"loc":{"start":{"line":45,"column":2},"end":{"line":45,"column":66}},"type":"if","locations":[{"start":{"line":45,"column":2},"end":{"line":45,"column":66}},{"start":{},"end":{}}],"line":45},"4":{"loc":{"start":{"line":47,"column":2},"end":{"line":47,"column":64}},"type":"if","locations":[{"start":{"line":47,"column":2},"end":{"line":47,"column":64}},{"start":{},"end":{}}],"line":47},"5":{"loc":{"start":{"line":50,"column":2},"end":{"line":50,"column":81}},"type":"if","locations":[{"start":{"line":50,"column":2},"end":{"line":50,"column":81}},{"start":{},"end":{}}],"line":50},"6":{"loc":{"start":{"line":59,"column":2},"end":{"line":59,"column":64}},"type":"if","locations":[{"start":{"line":59,"column":2},"end":{"line":59,"column":64}},{"start":{},"end":{}}],"line":59},"7":{"loc":{"start":{"line":62,"column":2},"end":{"line":62,"column":80}},"type":"if","locations":[{"start":{"line":62,"column":2},"end":{"line":62,"column":80}},{"start":{},"end":{}}],"line":62}},"s":{"0":2,"1":2,"2":2,"3":2,"4":2,"5":2,"6":2,"7":2,"8":1,"9":1,"10":2,"11":2,"12":2,"13":2,"14":1,"15":1,"16":2,"17":11,"18":11,"19":11,"20":8,"21":3,"22":3,"23":0,"24":3,"25":0,"26":3,"27":3,"28":2,"29":0,"30":0,"31":0,"32":0,"33":0,"34":0,"35":0,"36":0,"37":0,"38":0,"39":0,"40":0,"41":2,"42":0,"43":0,"44":0,"45":0,"46":0,"47":0,"48":0,"49":0,"50":2},"f":{"0":1,"1":2,"2":11,"3":0,"4":0,"5":0},"b":{"0":[1,1],"1":[8,3],"2":[0,3],"3":[0,0],"4":[0,0],"5":[0,0],"6":[0,0],"7":[0,0]},"_coverageSchema":"1a1c01bbd47fc00a2c39e90264f33305004495a9","hash":"6bad00153ee80a8221697d35c8fe667f5be18b90"}
,"C:\\Users\\katsup\\Desktop\\Programs\\Courses\\Mosh\\Node.js\\node_2023\\gamer\\routes\\orders.js": {"path":"C:\\Users\\katsup\\Desktop\\Programs\\Courses\\Mosh\\Node.js\\node_2023\\gamer\\routes\\orders.js","statementMap":{"0":{"start":{"line":1,"column":16},"end":{"line":1,"column":34}},"1":{"start":{"line":2,"column":15},"end":{"line":2,"column":31}},"2":{"start":{"line":3,"column":13},"end":{"line":3,"column":42}},"3":{"start":{"line":4,"column":50},"end":{"line":4,"column":82}},"4":{"start":{"line":5,"column":24},"end":{"line":5,"column":59}},"5":{"start":{"line":6,"column":20},"end":{"line":6,"column":51}},"6":{"start":{"line":9,"column":0},"end":{"line":15,"column":3}},"7":{"start":{"line":10,"column":2},"end":{"line":14,"column":3}},"8":{"start":{"line":11,"column":2},"end":{"line":11,"column":30}},"9":{"start":{"line":13,"column":4},"end":{"line":13,"column":70}},"10":{"start":{"line":17,"column":0},"end":{"line":39,"column":3}},"11":{"start":{"line":18,"column":32},"end":{"line":18,"column":40}},"12":{"start":{"line":19,"column":2},"end":{"line":19,"column":91}},"13":{"start":{"line":19,"column":30},"end":{"line":19,"column":91}},"14":{"start":{"line":21,"column":20},"end":{"line":21,"column":56}},"15":{"start":{"line":22,"column":2},"end":{"line":22,"column":65}},"16":{"start":{"line":22,"column":12},"end":{"line":22,"column":65}},"17":{"start":{"line":24,"column":2},"end":{"line":38,"column":3}},"18":{"start":{"line":25,"column":19},"end":{"line":25,"column":48}},"19":{"start":{"line":26,"column":2},"end":{"line":26,"column":108}},"20":{"start":{"line":26,"column":16},"end":{"line":26,"column":108}},"21":{"start":{"line":29,"column":2},"end":{"line":32,"column":3}},"22":{"start":{"line":30,"column":4},"end":{"line":30,"column":33}},"23":{"start":{"line":31,"column":4},"end":{"line":31,"column":94}},"24":{"start":{"line":31,"column":14},"end":{"line":31,"column":94}},"25":{"start":{"line":34,"column":16},"end":{"line":34,"column":54}},"26":{"start":{"line":35,"column":2},"end":{"line":35,"column":18}},"27":{"start":{"line":37,"column":4},"end":{"line":37,"column":70}},"28":{"start":{"line":41,"column":0},"end":{"line":41,"column":24}}},"fnMap":{"0":{"name":"(anonymous_0)","decl":{"start":{"line":9,"column":16},"end":{"line":9,"column":17}},"loc":{"start":{"line":9,"column":35},"end":{"line":15,"column":1}},"line":9},"1":{"name":"(anonymous_1)","decl":{"start":{"line":17,"column":23},"end":{"line":17,"column":24}},"loc":{"start":{"line":17,"column":42},"end":{"line":39,"column":1}},"line":17}},"branchMap":{"0":{"loc":{"start":{"line":19,"column":2},"end":{"line":19,"column":91}},"type":"if","locations":[{"start":{"line":19,"column":2},"end":{"line":19,"column":91}},{"start":{},"end":{}}],"line":19},"1":{"loc":{"start":{"line":19,"column":5},"end":{"line":19,"column":28}},"type":"binary-expr","locations":[{"start":{"line":19,"column":5},"end":{"line":19,"column":16}},{"start":{"line":19,"column":20},"end":{"line":19,"column":28}}],"line":19},"2":{"loc":{"start":{"line":22,"column":2},"end":{"line":22,"column":65}},"type":"if","locations":[{"start":{"line":22,"column":2},"end":{"line":22,"column":65}},{"start":{},"end":{}}],"line":22},"3":{"loc":{"start":{"line":26,"column":2},"end":{"line":26,"column":108}},"type":"if","locations":[{"start":{"line":26,"column":2},"end":{"line":26,"column":108}},{"start":{},"end":{}}],"line":26},"4":{"loc":{"start":{"line":31,"column":4},"end":{"line":31,"column":94}},"type":"if","locations":[{"start":{"line":31,"column":4},"end":{"line":31,"column":94}},{"start":{},"end":{}}],"line":31}},"s":{"0":2,"1":2,"2":2,"3":2,"4":2,"5":2,"6":2,"7":0,"8":0,"9":0,"10":2,"11":0,"12":0,"13":0,"14":0,"15":0,"16":0,"17":0,"18":0,"19":0,"20":0,"21":0,"22":0,"23":0,"24":0,"25":0,"26":0,"27":0,"28":2},"f":{"0":0,"1":0},"b":{"0":[0,0],"1":[0,0],"2":[0,0],"3":[0,0],"4":[0,0]},"_coverageSchema":"1a1c01bbd47fc00a2c39e90264f33305004495a9","hash":"50f583a0f53fd3e31d07cd94f2ecbc0b8f76be4f"}
,"C:\\Users\\katsup\\Desktop\\Programs\\Courses\\Mosh\\Node.js\\node_2023\\gamer\\routes\\users.js": {"path":"C:\\Users\\katsup\\Desktop\\Programs\\Courses\\Mosh\\Node.js\\node_2023\\gamer\\routes\\users.js","statementMap":{"0":{"start":{"line":1,"column":16},"end":{"line":1,"column":34}},"1":{"start":{"line":2,"column":15},"end":{"line":2,"column":31}},"2":{"start":{"line":3,"column":13},"end":{"line":3,"column":42}},"3":{"start":{"line":4,"column":10},"end":{"line":4,"column":27}},"4":{"start":{"line":5,"column":80},"end":{"line":5,"column":111}},"5":{"start":{"line":9,"column":0},"end":{"line":27,"column":3}},"6":{"start":{"line":10,"column":29},"end":{"line":10,"column":32}},"7":{"start":{"line":11,"column":20},"end":{"line":11,"column":42}},"8":{"start":{"line":12,"column":2},"end":{"line":12,"column":66}},"9":{"start":{"line":12,"column":12},"end":{"line":12,"column":66}},"10":{"start":{"line":14,"column":2},"end":{"line":26,"column":3}},"11":{"start":{"line":15,"column":4},"end":{"line":15,"column":93}},"12":{"start":{"line":15,"column":38},"end":{"line":15,"column":93}},"13":{"start":{"line":17,"column":17},"end":{"line":17,"column":43}},"14":{"start":{"line":18,"column":31},"end":{"line":18,"column":64}},"15":{"start":{"line":19,"column":4},"end":{"line":19,"column":35}},"16":{"start":{"line":20,"column":4},"end":{"line":20,"column":16}},"17":{"start":{"line":22,"column":18},"end":{"line":22,"column":42}},"18":{"start":{"line":23,"column":4},"end":{"line":23,"column":96}},"19":{"start":{"line":25,"column":4},"end":{"line":25,"column":71}},"20":{"start":{"line":29,"column":0},"end":{"line":36,"column":3}},"21":{"start":{"line":30,"column":2},"end":{"line":35,"column":3}},"22":{"start":{"line":31,"column":15},"end":{"line":31,"column":47}},"23":{"start":{"line":32,"column":2},"end":{"line":32,"column":17}},"24":{"start":{"line":34,"column":4},"end":{"line":34,"column":71}},"25":{"start":{"line":38,"column":0},"end":{"line":38,"column":24}}},"fnMap":{"0":{"name":"(anonymous_0)","decl":{"start":{"line":9,"column":17},"end":{"line":9,"column":18}},"loc":{"start":{"line":9,"column":36},"end":{"line":27,"column":1}},"line":9},"1":{"name":"(anonymous_1)","decl":{"start":{"line":29,"column":24},"end":{"line":29,"column":25}},"loc":{"start":{"line":29,"column":43},"end":{"line":36,"column":1}},"line":29}},"branchMap":{"0":{"loc":{"start":{"line":12,"column":2},"end":{"line":12,"column":66}},"type":"if","locations":[{"start":{"line":12,"column":2},"end":{"line":12,"column":66}},{"start":{},"end":{}}],"line":12},"1":{"loc":{"start":{"line":15,"column":4},"end":{"line":15,"column":93}},"type":"if","locations":[{"start":{"line":15,"column":4},"end":{"line":15,"column":93}},{"start":{},"end":{}}],"line":15}},"s":{"0":2,"1":2,"2":2,"3":2,"4":2,"5":2,"6":0,"7":0,"8":0,"9":0,"10":0,"11":0,"12":0,"13":0,"14":0,"15":0,"16":0,"17":0,"18":0,"19":0,"20":2,"21":0,"22":0,"23":0,"24":0,"25":2},"f":{"0":0,"1":0},"b":{"0":[0,0],"1":[0,0]},"_coverageSchema":"1a1c01bbd47fc00a2c39e90264f33305004495a9","hash":"8466b176182b320ad44dacee200706db72e8cd9e"}
,"C:\\Users\\katsup\\Desktop\\Programs\\Courses\\Mosh\\Node.js\\node_2023\\gamer\\startup\\config.js": {"path":"C:\\Users\\katsup\\Desktop\\Programs\\Courses\\Mosh\\Node.js\\node_2023\\gamer\\startup\\config.js","statementMap":{"0":{"start":{"line":1,"column":15},"end":{"line":1,"column":32}},"1":{"start":{"line":3,"column":0},"end":{"line":7,"column":2}},"2":{"start":{"line":4,"column":1},"end":{"line":5,"column":64}},"3":{"start":{"line":5,"column":2},"end":{"line":5,"column":64}}},"fnMap":{"0":{"name":"(anonymous_0)","decl":{"start":{"line":3,"column":17},"end":{"line":3,"column":18}},"loc":{"start":{"line":3,"column":29},"end":{"line":7,"column":1}},"line":3}},"branchMap":{"0":{"loc":{"start":{"line":4,"column":1},"end":{"line":5,"column":64}},"type":"if","locations":[{"start":{"line":4,"column":1},"end":{"line":5,"column":64}},{"start":{},"end":{}}],"line":4}},"s":{"0":2,"1":2,"2":2,"3":0},"f":{"0":2},"b":{"0":[0,2]},"_coverageSchema":"1a1c01bbd47fc00a2c39e90264f33305004495a9","hash":"675691161acd3745cdbd56e52fa05fb0b897afa3"}
,"C:\\Users\\katsup\\Desktop\\Programs\\Courses\\Mosh\\Node.js\\node_2023\\gamer\\startup\\db.js": {"path":"C:\\Users\\katsup\\Desktop\\Programs\\Courses\\Mosh\\Node.js\\node_2023\\gamer\\startup\\db.js","statementMap":{"0":{"start":{"line":1,"column":17},"end":{"line":1,"column":36}},"1":{"start":{"line":2,"column":15},"end":{"line":2,"column":32}},"2":{"start":{"line":4,"column":0},"end":{"line":10,"column":1}},"3":{"start":{"line":5,"column":13},"end":{"line":5,"column":29}},"4":{"start":{"line":6,"column":0},"end":{"line":9,"column":68}},"5":{"start":{"line":8,"column":13},"end":{"line":8,"column":49}},"6":{"start":{"line":9,"column":17},"end":{"line":9,"column":66}}},"fnMap":{"0":{"name":"(anonymous_0)","decl":{"start":{"line":4,"column":17},"end":{"line":4,"column":18}},"loc":{"start":{"line":4,"column":27},"end":{"line":10,"column":1}},"line":4},"1":{"name":"(anonymous_1)","decl":{"start":{"line":8,"column":7},"end":{"line":8,"column":8}},"loc":{"start":{"line":8,"column":13},"end":{"line":8,"column":49}},"line":8},"2":{"name":"(anonymous_2)","decl":{"start":{"line":9,"column":8},"end":{"line":9,"column":9}},"loc":{"start":{"line":9,"column":17},"end":{"line":9,"column":66}},"line":9}},"branchMap":{},"s":{"0":2,"1":2,"2":2,"3":2,"4":2,"5":2,"6":0},"f":{"0":2,"1":2,"2":0},"b":{},"_coverageSchema":"1a1c01bbd47fc00a2c39e90264f33305004495a9","hash":"ac8b14b5d2d67ca0012d3c8a356df395b30fae0a"}
,"C:\\Users\\katsup\\Desktop\\Programs\\Courses\\Mosh\\Node.js\\node_2023\\gamer\\startup\\errorLogging.js": {"path":"C:\\Users\\katsup\\Desktop\\Programs\\Courses\\Mosh\\Node.js\\node_2023\\gamer\\startup\\errorLogging.js","statementMap":{"0":{"start":{"line":1,"column":16},"end":{"line":1,"column":34}},"1":{"start":{"line":4,"column":0},"end":{"line":19,"column":1}},"2":{"start":{"line":5,"column":2},"end":{"line":9,"column":5}},"3":{"start":{"line":6,"column":4},"end":{"line":6,"column":53}},"4":{"start":{"line":7,"column":4},"end":{"line":7,"column":34}},"5":{"start":{"line":11,"column":2},"end":{"line":14,"column":5}},"6":{"start":{"line":12,"column":4},"end":{"line":12,"column":62}},"7":{"start":{"line":13,"column":4},"end":{"line":13,"column":34}},"8":{"start":{"line":17,"column":2},"end":{"line":17,"column":67}}},"fnMap":{"0":{"name":"(anonymous_0)","decl":{"start":{"line":4,"column":17},"end":{"line":4,"column":18}},"loc":{"start":{"line":4,"column":27},"end":{"line":19,"column":1}},"line":4},"1":{"name":"(anonymous_1)","decl":{"start":{"line":5,"column":34},"end":{"line":5,"column":35}},"loc":{"start":{"line":5,"column":42},"end":{"line":9,"column":3}},"line":5},"2":{"name":"(anonymous_2)","decl":{"start":{"line":11,"column":35},"end":{"line":11,"column":36}},"loc":{"start":{"line":11,"column":43},"end":{"line":14,"column":3}},"line":11}},"branchMap":{},"s":{"0":2,"1":2,"2":2,"3":0,"4":0,"5":2,"6":0,"7":0,"8":2},"f":{"0":2,"1":0,"2":0},"b":{},"_coverageSchema":"1a1c01bbd47fc00a2c39e90264f33305004495a9","hash":"91c95e5f43eeb453726ed317b7684bda92451b9a"}
,"C:\\Users\\katsup\\Desktop\\Programs\\Courses\\Mosh\\Node.js\\node_2023\\gamer\\startup\\routes.js": {"path":"C:\\Users\\katsup\\Desktop\\Programs\\Courses\\Mosh\\Node.js\\node_2023\\gamer\\startup\\routes.js","statementMap":{"0":{"start":{"line":1,"column":16},"end":{"line":1,"column":34}},"1":{"start":{"line":2,"column":21},"end":{"line":2,"column":51}},"2":{"start":{"line":3,"column":19},"end":{"line":3,"column":45}},"3":{"start":{"line":4,"column":23},"end":{"line":4,"column":53}},"4":{"start":{"line":5,"column":20},"end":{"line":5,"column":47}},"5":{"start":{"line":6,"column":19},"end":{"line":6,"column":45}},"6":{"start":{"line":7,"column":19},"end":{"line":7,"column":44}},"7":{"start":{"line":9,"column":0},"end":{"line":20,"column":1}},"8":{"start":{"line":10,"column":2},"end":{"line":10,"column":26}},"9":{"start":{"line":11,"column":2},"end":{"line":11,"column":51}},"10":{"start":{"line":13,"column":2},"end":{"line":13,"column":36}},"11":{"start":{"line":14,"column":2},"end":{"line":14,"column":44}},"12":{"start":{"line":15,"column":2},"end":{"line":15,"column":38}},"13":{"start":{"line":16,"column":2},"end":{"line":16,"column":36}},"14":{"start":{"line":17,"column":2},"end":{"line":17,"column":35}},"15":{"start":{"line":19,"column":2},"end":{"line":19,"column":24}}},"fnMap":{"0":{"name":"(anonymous_0)","decl":{"start":{"line":9,"column":17},"end":{"line":9,"column":18}},"loc":{"start":{"line":9,"column":30},"end":{"line":20,"column":1}},"line":9}},"branchMap":{},"s":{"0":2,"1":2,"2":2,"3":2,"4":2,"5":2,"6":2,"7":2,"8":2,"9":2,"10":2,"11":2,"12":2,"13":2,"14":2,"15":2},"f":{"0":2},"b":{},"_coverageSchema":"1a1c01bbd47fc00a2c39e90264f33305004495a9","hash":"04a83d8fee150417d097f61763a74088adc040ac"}
}
